# JRE version: OpenJDK Runtime Environment Temurin-17.0.4.1+1 (17.0.4.1+1) (build 17.0.4.1+1)
# Java VM: OpenJDK 64-Bit Server VM Temurin-17.0.4.1+1 (17.0.4.1+1, mixed mode, tiered, compressed oops, compressed class ptrs, parallel gc, windows-amd64)
GC Precious Log:
 CPUs: 16 total, 16 available
 Memory: 7893M
 Large Page Support: Disabled
 NUMA Support: Disabled
 Compressed Oops: Enabled (32-bit)
 Alignments: Space 512K, Generation 512K, Heap 2M
 Heap Min Capacity: 100M
 Heap Initial Capacity: 100M
 Heap Max Capacity: 1G
 Pre-touch: Disabled
 Parallel Workers: 13
Heap:
 PSYoungGen      total 15872K, used 3182K [0x00000000eab00000, 0x00000000ebd80000, 0x0000000100000000)
  eden space 12800K, 20% used [0x00000000eab00000,0x00000000ead9fad8,0x00000000eb780000)
  from space 3072K, 16% used [0x00000000eb900000,0x00000000eb97c010,0x00000000ebc00000)
  to   space 1536K, 0% used [0x00000000ebc00000,0x00000000ebc00000,0x00000000ebd80000)
 ParOldGen       total 94720K, used 85933K [0x00000000c0000000, 0x00000000c5c80000, 0x00000000eab00000)
  object space 94720K, 90% used [0x00000000c0000000,0x00000000c53eb458,0x00000000c5c80000)
 Metaspace       used 78127K, committed 79296K, reserved 1122304K
  class space    used 9075K, committed 9600K, reserved 1048576K
GC Heap History (20 events):
Event: 19.136 GC heap before
{Heap before GC invocations=73 (full 4):
 PSYoungGen      total 14336K, used 14121K [0x00000000eab00000, 0x00000000ebb80000, 0x0000000100000000)
  eden space 12800K, 100% used [0x00000000eab00000,0x00000000eb780000,0x00000000eb780000)
  from space 1536K, 86% used [0x00000000eb880000,0x00000000eb9ca400,0x00000000eba00000)
  to   space 1536K, 0% used [0x00000000eba00000,0x00000000eba00000,0x00000000ebb80000)
 ParOldGen       total 94720K, used 75204K [0x00000000c0000000, 0x00000000c5c80000, 0x00000000eab00000)
  object space 94720K, 79% used [0x00000000c0000000,0x00000000c4971018,0x00000000c5c80000)
 Metaspace       used 75256K, committed 76416K, reserved 1122304K
  class space    used 8850K, committed 9408K, reserved 1048576K
}
Event: 19.138 GC heap after
{Heap after GC invocations=73 (full 4):
 PSYoungGen      total 13824K, used 1024K [0x00000000eab00000, 0x00000000ebb00000, 0x0000000100000000)
  eden space 12800K, 0% used [0x00000000eab00000,0x00000000eab00000,0x00000000eb780000)
  from space 1024K, 100% used [0x00000000eba00000,0x00000000ebb00000,0x00000000ebb00000)
  to   space 1536K, 0% used [0x00000000eb800000,0x00000000eb800000,0x00000000eb980000)
 ParOldGen       total 94720K, used 75969K [0x00000000c0000000, 0x00000000c5c80000, 0x00000000eab00000)
  object space 94720K, 80% used [0x00000000c0000000,0x00000000c4a30658,0x00000000c5c80000)
 Metaspace       used 75256K, committed 76416K, reserved 1122304K
  class space    used 8850K, committed 9408K, reserved 1048576K
}
Event: 19.163 GC heap before
{Heap before GC invocations=74 (full 4):
 PSYoungGen      total 13824K, used 13824K [0x00000000eab00000, 0x00000000ebb00000, 0x0000000100000000)
  eden space 12800K, 100% used [0x00000000eab00000,0x00000000eb780000,0x00000000eb780000)
  from space 1024K, 100% used [0x00000000eba00000,0x00000000ebb00000,0x00000000ebb00000)
  to   space 1536K, 0% used [0x00000000eb800000,0x00000000eb800000,0x00000000eb980000)
 ParOldGen       total 94720K, used 75969K [0x00000000c0000000, 0x00000000c5c80000, 0x00000000eab00000)
  object space 94720K, 80% used [0x00000000c0000000,0x00000000c4a30658,0x00000000c5c80000)
 Metaspace       used 75256K, committed 76416K, reserved 1122304K
  class space    used 8850K, committed 9408K, reserved 1048576K
}
Event: 19.165 GC heap after
{Heap after GC invocations=74 (full 4):
 PSYoungGen      total 14336K, used 672K [0x00000000eab00000, 0x00000000eba80000, 0x0000000100000000)
  eden space 12800K, 0% used [0x00000000eab00000,0x00000000eab00000,0x00000000eb780000)
  from space 1536K, 43% used [0x00000000eb800000,0x00000000eb8a8000,0x00000000eb980000)
  to   space 1024K, 0% used [0x00000000eb980000,0x00000000eb980000,0x00000000eba80000)
 ParOldGen       total 94720K, used 76497K [0x00000000c0000000, 0x00000000c5c80000, 0x00000000eab00000)
  object space 94720K, 80% used [0x00000000c0000000,0x00000000c4ab4658,0x00000000c5c80000)
 Metaspace       used 75256K, committed 76416K, reserved 1122304K
  class space    used 8850K, committed 9408K, reserved 1048576K
}
Event: 19.209 GC heap before
{Heap before GC invocations=75 (full 4):
 PSYoungGen      total 14336K, used 13472K [0x00000000eab00000, 0x00000000eba80000, 0x0000000100000000)
  eden space 12800K, 100% used [0x00000000eab00000,0x00000000eb780000,0x00000000eb780000)
  from space 1536K, 43% used [0x00000000eb800000,0x00000000eb8a8000,0x00000000eb980000)
  to   space 1024K, 0% used [0x00000000eb980000,0x00000000eb980000,0x00000000eba80000)
 ParOldGen       total 94720K, used 76497K [0x00000000c0000000, 0x00000000c5c80000, 0x00000000eab00000)
  object space 94720K, 80% used [0x00000000c0000000,0x00000000c4ab4658,0x00000000c5c80000)
 Metaspace       used 75359K, committed 76480K, reserved 1122304K
  class space    used 8864K, committed 9408K, reserved 1048576K
}
Event: 19.211 GC heap after
{Heap after GC invocations=75 (full 4):
 PSYoungGen      total 13824K, used 1001K [0x00000000eab00000, 0x00000000ebb80000, 0x0000000100000000)
  eden space 12800K, 0% used [0x00000000eab00000,0x00000000eab00000,0x00000000eb780000)
  from space 1024K, 97% used [0x00000000eb980000,0x00000000eba7a778,0x00000000eba80000)
  to   space 2048K, 0% used [0x00000000eb780000,0x00000000eb780000,0x00000000eb980000)
 ParOldGen       total 94720K, used 77273K [0x00000000c0000000, 0x00000000c5c80000, 0x00000000eab00000)
  object space 94720K, 81% used [0x00000000c0000000,0x00000000c4b76658,0x00000000c5c80000)
 Metaspace       used 75359K, committed 76480K, reserved 1122304K
  class space    used 8864K, committed 9408K, reserved 1048576K
}
Event: 19.243 GC heap before
{Heap before GC invocations=76 (full 4):
 PSYoungGen      total 13824K, used 13801K [0x00000000eab00000, 0x00000000ebb80000, 0x0000000100000000)
  eden space 12800K, 100% used [0x00000000eab00000,0x00000000eb780000,0x00000000eb780000)
  from space 1024K, 97% used [0x00000000eb980000,0x00000000eba7a778,0x00000000eba80000)
  to   space 2048K, 0% used [0x00000000eb780000,0x00000000eb780000,0x00000000eb980000)
 ParOldGen       total 94720K, used 77273K [0x00000000c0000000, 0x00000000c5c80000, 0x00000000eab00000)
  object space 94720K, 81% used [0x00000000c0000000,0x00000000c4b76658,0x00000000c5c80000)
 Metaspace       used 75616K, committed 76736K, reserved 1122304K
  class space    used 8886K, committed 9408K, reserved 1048576K
}
Event: 19.245 GC heap after
{Heap after GC invocations=76 (full 4):
 PSYoungGen      total 14336K, used 1202K [0x00000000eab00000, 0x00000000eba80000, 0x0000000100000000)
  eden space 12800K, 0% used [0x00000000eab00000,0x00000000eab00000,0x00000000eb780000)
  from space 1536K, 78% used [0x00000000eb780000,0x00000000eb8ac988,0x00000000eb900000)
  to   space 1536K, 0% used [0x00000000eb900000,0x00000000eb900000,0x00000000eba80000)
 ParOldGen       total 94720K, used 78113K [0x00000000c0000000, 0x00000000c5c80000, 0x00000000eab00000)
  object space 94720K, 82% used [0x00000000c0000000,0x00000000c4c48658,0x00000000c5c80000)
 Metaspace       used 75616K, committed 76736K, reserved 1122304K
  class space    used 8886K, committed 9408K, reserved 1048576K
}
Event: 19.274 GC heap before
{Heap before GC invocations=77 (full 4):
 PSYoungGen      total 14336K, used 14002K [0x00000000eab00000, 0x00000000eba80000, 0x0000000100000000)
  eden space 12800K, 100% used [0x00000000eab00000,0x00000000eb780000,0x00000000eb780000)
  from space 1536K, 78% used [0x00000000eb780000,0x00000000eb8ac988,0x00000000eb900000)
  to   space 1536K, 0% used [0x00000000eb900000,0x00000000eb900000,0x00000000eba80000)
 ParOldGen       total 94720K, used 78113K [0x00000000c0000000, 0x00000000c5c80000, 0x00000000eab00000)
  object space 94720K, 82% used [0x00000000c0000000,0x00000000c4c48658,0x00000000c5c80000)
 Metaspace       used 75647K, committed 76736K, reserved 1122304K
  class space    used 8890K, committed 9408K, reserved 1048576K
}
Event: 19.276 GC heap after
{Heap after GC invocations=77 (full 4):
 PSYoungGen      total 14336K, used 1216K [0x00000000eab00000, 0x00000000eba80000, 0x0000000100000000)
  eden space 12800K, 0% used [0x00000000eab00000,0x00000000eab00000,0x00000000eb780000)
  from space 1536K, 79% used [0x00000000eb900000,0x00000000eba30000,0x00000000eba80000)
  to   space 1536K, 0% used [0x00000000eb780000,0x00000000eb780000,0x00000000eb900000)
 ParOldGen       total 94720K, used 79076K [0x00000000c0000000, 0x00000000c5c80000, 0x00000000eab00000)
  object space 94720K, 83% used [0x00000000c0000000,0x00000000c4d39138,0x00000000c5c80000)
 Metaspace       used 75647K, committed 76736K, reserved 1122304K
  class space    used 8890K, committed 9408K, reserved 1048576K
}
Event: 19.371 GC heap before
{Heap before GC invocations=78 (full 4):
 PSYoungGen      total 14336K, used 13872K [0x00000000eab00000, 0x00000000eba80000, 0x0000000100000000)
  eden space 12800K, 98% used [0x00000000eab00000,0x00000000eb75c358,0x00000000eb780000)
  from space 1536K, 79% used [0x00000000eb900000,0x00000000eba30000,0x00000000eba80000)
  to   space 1536K, 0% used [0x00000000eb780000,0x00000000eb780000,0x00000000eb900000)
 ParOldGen       total 94720K, used 79076K [0x00000000c0000000, 0x00000000c5c80000, 0x00000000eab00000)
  object space 94720K, 83% used [0x00000000c0000000,0x00000000c4d39138,0x00000000c5c80000)
 Metaspace       used 75808K, committed 76864K, reserved 1122304K
  class space    used 8903K, committed 9408K, reserved 1048576K
}
Event: 19.374 GC heap after
{Heap after GC invocations=78 (full 4):
 PSYoungGen      total 14336K, used 1513K [0x00000000eab00000, 0x00000000ebd80000, 0x0000000100000000)
  eden space 12800K, 0% used [0x00000000eab00000,0x00000000eab00000,0x00000000eb780000)
  from space 1536K, 98% used [0x00000000eb780000,0x00000000eb8fa778,0x00000000eb900000)
  to   space 3072K, 0% used [0x00000000eba80000,0x00000000eba80000,0x00000000ebd80000)
 ParOldGen       total 94720K, used 80236K [0x00000000c0000000, 0x00000000c5c80000, 0x00000000eab00000)
  object space 94720K, 84% used [0x00000000c0000000,0x00000000c4e5b138,0x00000000c5c80000)
 Metaspace       used 75808K, committed 76864K, reserved 1122304K
  class space    used 8903K, committed 9408K, reserved 1048576K
}
Event: 19.440 GC heap before
{Heap before GC invocations=79 (full 4):
 PSYoungGen      total 14336K, used 14313K [0x00000000eab00000, 0x00000000ebd80000, 0x0000000100000000)
  eden space 12800K, 100% used [0x00000000eab00000,0x00000000eb780000,0x00000000eb780000)
  from space 1536K, 98% used [0x00000000eb780000,0x00000000eb8fa778,0x00000000eb900000)
  to   space 3072K, 0% used [0x00000000eba80000,0x00000000eba80000,0x00000000ebd80000)
 ParOldGen       total 94720K, used 80236K [0x00000000c0000000, 0x00000000c5c80000, 0x00000000eab00000)
  object space 94720K, 84% used [0x00000000c0000000,0x00000000c4e5b138,0x00000000c5c80000)
 Metaspace       used 76118K, committed 77248K, reserved 1122304K
  class space    used 8922K, committed 9472K, reserved 1048576K
}
Event: 19.442 GC heap after
{Heap after GC invocations=79 (full 4):
 PSYoungGen      total 14336K, used 1376K [0x00000000eab00000, 0x00000000ebc00000, 0x0000000100000000)
  eden space 12800K, 0% used [0x00000000eab00000,0x00000000eab00000,0x00000000eb780000)
  from space 1536K, 89% used [0x00000000eba80000,0x00000000ebbd8000,0x00000000ebc00000)
  to   space 2048K, 0% used [0x00000000eb800000,0x00000000eb800000,0x00000000eba00000)
 ParOldGen       total 94720K, used 81468K [0x00000000c0000000, 0x00000000c5c80000, 0x00000000eab00000)
  object space 94720K, 86% used [0x00000000c0000000,0x00000000c4f8f160,0x00000000c5c80000)
 Metaspace       used 76118K, committed 77248K, reserved 1122304K
  class space    used 8922K, committed 9472K, reserved 1048576K
}
Event: 19.505 GC heap before
{Heap before GC invocations=80 (full 4):
 PSYoungGen      total 14336K, used 14176K [0x00000000eab00000, 0x00000000ebc00000, 0x0000000100000000)
  eden space 12800K, 100% used [0x00000000eab00000,0x00000000eb780000,0x00000000eb780000)
  from space 1536K, 89% used [0x00000000eba80000,0x00000000ebbd8000,0x00000000ebc00000)
  to   space 2048K, 0% used [0x00000000eb800000,0x00000000eb800000,0x00000000eba00000)
 ParOldGen       total 94720K, used 81468K [0x00000000c0000000, 0x00000000c5c80000, 0x00000000eab00000)
  object space 94720K, 86% used [0x00000000c0000000,0x00000000c4f8f160,0x00000000c5c80000)
 Metaspace       used 76822K, committed 77952K, reserved 1122304K
  class space    used 8971K, committed 9536K, reserved 1048576K
}
Event: 19.508 GC heap after
{Heap after GC invocations=80 (full 4):
 PSYoungGen      total 14848K, used 2047K [0x00000000eab00000, 0x00000000ec280000, 0x0000000100000000)
  eden space 12800K, 0% used [0x00000000eab00000,0x00000000eab00000,0x00000000eb780000)
  from space 2048K, 99% used [0x00000000eb800000,0x00000000eb9ffee8,0x00000000eba00000)
  to   space 5632K, 0% used [0x00000000ebd00000,0x00000000ebd00000,0x00000000ec280000)
 ParOldGen       total 94720K, used 84393K [0x00000000c0000000, 0x00000000c5c80000, 0x00000000eab00000)
  object space 94720K, 89% used [0x00000000c0000000,0x00000000c526a5f8,0x00000000c5c80000)
 Metaspace       used 76822K, committed 77952K, reserved 1122304K
  class space    used 8971K, committed 9536K, reserved 1048576K
}
Event: 19.670 GC heap before
{Heap before GC invocations=81 (full 4):
 PSYoungGen      total 14848K, used 14847K [0x00000000eab00000, 0x00000000ec280000, 0x0000000100000000)
  eden space 12800K, 100% used [0x00000000eab00000,0x00000000eb780000,0x00000000eb780000)
  from space 2048K, 99% used [0x00000000eb800000,0x00000000eb9ffee8,0x00000000eba00000)
  to   space 5632K, 0% used [0x00000000ebd00000,0x00000000ebd00000,0x00000000ec280000)
 ParOldGen       total 94720K, used 84393K [0x00000000c0000000, 0x00000000c5c80000, 0x00000000eab00000)
  object space 94720K, 89% used [0x00000000c0000000,0x00000000c526a5f8,0x00000000c5c80000)
 Metaspace       used 77141K, committed 78272K, reserved 1122304K
  class space    used 8986K, committed 9536K, reserved 1048576K
}
Event: 19.672 GC heap after
{Heap after GC invocations=81 (full 4):
 PSYoungGen      total 14848K, used 1603K [0x00000000eab00000, 0x00000000ebf00000, 0x0000000100000000)
  eden space 12800K, 0% used [0x00000000eab00000,0x00000000eab00000,0x00000000eb780000)
  from space 2048K, 78% used [0x00000000ebd00000,0x00000000ebe90d00,0x00000000ebf00000)
  to   space 3072K, 0% used [0x00000000eb900000,0x00000000eb900000,0x00000000ebc00000)
 ParOldGen       total 94720K, used 84688K [0x00000000c0000000, 0x00000000c5c80000, 0x00000000eab00000)
  object space 94720K, 89% used [0x00000000c0000000,0x00000000c52b4268,0x00000000c5c80000)
 Metaspace       used 77141K, committed 78272K, reserved 1122304K
  class space    used 8986K, committed 9536K, reserved 1048576K
}
Event: 19.947 GC heap before
{Heap before GC invocations=82 (full 4):
 PSYoungGen      total 14848K, used 14403K [0x00000000eab00000, 0x00000000ebf00000, 0x0000000100000000)
  eden space 12800K, 100% used [0x00000000eab00000,0x00000000eb780000,0x00000000eb780000)
  from space 2048K, 78% used [0x00000000ebd00000,0x00000000ebe90d00,0x00000000ebf00000)
  to   space 3072K, 0% used [0x00000000eb900000,0x00000000eb900000,0x00000000ebc00000)
 ParOldGen       total 94720K, used 84688K [0x00000000c0000000, 0x00000000c5c80000, 0x00000000eab00000)
  object space 94720K, 89% used [0x00000000c0000000,0x00000000c52b4268,0x00000000c5c80000)
 Metaspace       used 77905K, committed 79104K, reserved 1122304K
  class space    used 9060K, committed 9600K, reserved 1048576K
}
Event: 19.949 GC heap after
{Heap after GC invocations=82 (full 4):
 PSYoungGen      total 15872K, used 496K [0x00000000eab00000, 0x00000000ebd80000, 0x0000000100000000)
  eden space 12800K, 0% used [0x00000000eab00000,0x00000000eab00000,0x00000000eb780000)
  from space 3072K, 16% used [0x00000000eb900000,0x00000000eb97c010,0x00000000ebc00000)
  to   space 1536K, 0% used [0x00000000ebc00000,0x00000000ebc00000,0x00000000ebd80000)
 ParOldGen       total 94720K, used 85933K [0x00000000c0000000, 0x00000000c5c80000, 0x00000000eab00000)
  object space 94720K, 90% used [0x00000000c0000000,0x00000000c53eb458,0x00000000c5c80000)
 Metaspace       used 77905K, committed 79104K, reserved 1122304K
  class space    used 9060K, committed 9600K, reserved 1048576K
}

