# JRE version: OpenJDK Runtime Environment Temurin-21.0.10+7 (21.0.10+7) (build 21.0.10+7-LTS)
# Java VM: OpenJDK 64-Bit Server VM Temurin-21.0.10+7 (21.0.10+7-LTS, mixed mode, sharing, tiered, compressed oops, compressed class ptrs, parallel gc, windows-amd64)
GC Precious Log:
 CardTable entry size: 512
 CPUs: 16 total, 16 available
 Memory: 7893M
 Large Page Support: Disabled
 NUMA Support: Disabled
 Compressed Oops: Enabled (32-bit)
 Alignments: Space 512K, Generation 512K, Heap 2M
 Heap Min Capacity: 100M
 Heap Initial Capacity: 100M
 Heap Max Capacity: 2G
 Pre-touch: Disabled
 Parallel Workers: 13
Heap:
 PSYoungGen      total 6144K, used 5106K [0x00000000d5580000, 0x00000000d5f80000, 0x0000000100000000)
  eden space 5632K, 81% used [0x00000000d5580000,0x00000000d59fe180,0x00000000d5b00000)
  from space 512K, 98% used [0x00000000d5f00000,0x00000000d5f7e900,0x00000000d5f80000)
  to   space 1024K, 0% used [0x00000000d5d80000,0x00000000d5d80000,0x00000000d5e80000)
 ParOldGen       total 807936K, used 216316K [0x0000000080000000, 0x00000000b1500000, 0x00000000d5580000)
  object space 807936K, 26% used [0x0000000080000000,0x000000008d33f070,0x00000000b1500000)
 Metaspace       used 88361K, committed 89984K, reserved 1179648K
  class space    used 9810K, committed 10560K, reserved 1048576K
GC Heap History (20 events):
Event: 672.352 GC heap before
{Heap before GC invocations=1565 (full 3):
 PSYoungGen      total 6144K, used 6119K [0x00000000d5580000, 0x00000000d6200000, 0x0000000100000000)
  eden space 4608K, 100% used [0x00000000d5580000,0x00000000d5a00000,0x00000000d5a00000)
  from space 1536K, 98% used [0x00000000d5a00000,0x00000000d5b79f50,0x00000000d5b80000)
  to   space 3584K, 0% used [0x00000000d5e80000,0x00000000d5e80000,0x00000000d6200000)
 ParOldGen       total 801280K, used 800976K [0x0000000080000000, 0x00000000b0e80000, 0x00000000d5580000)
  object space 801280K, 99% used [0x0000000080000000,0x00000000b0e34390,0x00000000b0e80000)
 Metaspace       used 87952K, committed 89600K, reserved 1179648K
  class space    used 9770K, committed 10496K, reserved 1048576K
}
Event: 672.354 GC heap after
{Heap after GC invocations=1565 (full 3):
 PSYoungGen      total 8192K, used 2394K [0x00000000d5580000, 0x00000000d6100000, 0x0000000100000000)
  eden space 5632K, 0% used [0x00000000d5580000,0x00000000d5580000,0x00000000d5b00000)
  from space 2560K, 93% used [0x00000000d5e80000,0x00000000d60d6820,0x00000000d6100000)
  to   space 2560K, 0% used [0x00000000d5c00000,0x00000000d5c00000,0x00000000d5e80000)
 ParOldGen       total 802816K, used 802511K [0x0000000080000000, 0x00000000b1000000, 0x00000000d5580000)
  object space 802816K, 99% used [0x0000000080000000,0x00000000b0fb3cf8,0x00000000b1000000)
 Metaspace       used 87952K, committed 89600K, reserved 1179648K
  class space    used 9770K, committed 10496K, reserved 1048576K
}
Event: 672.383 GC heap before
{Heap before GC invocations=1566 (full 3):
 PSYoungGen      total 8192K, used 8026K [0x00000000d5580000, 0x00000000d6100000, 0x0000000100000000)
  eden space 5632K, 100% used [0x00000000d5580000,0x00000000d5b00000,0x00000000d5b00000)
  from space 2560K, 93% used [0x00000000d5e80000,0x00000000d60d6820,0x00000000d6100000)
  to   space 2560K, 0% used [0x00000000d5c00000,0x00000000d5c00000,0x00000000d5e80000)
 ParOldGen       total 802816K, used 802511K [0x0000000080000000, 0x00000000b1000000, 0x00000000d5580000)
  object space 802816K, 99% used [0x0000000080000000,0x00000000b0fb3cf8,0x00000000b1000000)
 Metaspace       used 87995K, committed 89728K, reserved 1179648K
  class space    used 9771K, committed 10560K, reserved 1048576K
}
Event: 672.385 GC heap after
{Heap after GC invocations=1566 (full 3):
 PSYoungGen      total 8192K, used 2539K [0x00000000d5580000, 0x00000000d6700000, 0x0000000100000000)
  eden space 5632K, 0% used [0x00000000d5580000,0x00000000d5580000,0x00000000d5b00000)
  from space 2560K, 99% used [0x00000000d5c00000,0x00000000d5e7ad70,0x00000000d5e80000)
  to   space 6144K, 0% used [0x00000000d6100000,0x00000000d6100000,0x00000000d6700000)
 ParOldGen       total 805376K, used 805238K [0x0000000080000000, 0x00000000b1280000, 0x00000000d5580000)
  object space 805376K, 99% used [0x0000000080000000,0x00000000b125d9e0,0x00000000b1280000)
 Metaspace       used 87995K, committed 89728K, reserved 1179648K
  class space    used 9771K, committed 10560K, reserved 1048576K
}
Event: 672.394 GC heap before
{Heap before GC invocations=1567 (full 3):
 PSYoungGen      total 8192K, used 4857K [0x00000000d5580000, 0x00000000d6700000, 0x0000000100000000)
  eden space 5632K, 41% used [0x00000000d5580000,0x00000000d57c39d0,0x00000000d5b00000)
  from space 2560K, 99% used [0x00000000d5c00000,0x00000000d5e7ad70,0x00000000d5e80000)
  to   space 6144K, 0% used [0x00000000d6100000,0x00000000d6100000,0x00000000d6700000)
 ParOldGen       total 805376K, used 805238K [0x0000000080000000, 0x00000000b1280000, 0x00000000d5580000)
  object space 805376K, 99% used [0x0000000080000000,0x00000000b125d9e0,0x00000000b1280000)
 Metaspace       used 88057K, committed 89792K, reserved 1179648K
  class space    used 9780K, committed 10560K, reserved 1048576K
}
Event: 672.395 GC heap after
{Heap after GC invocations=1567 (full 3):
 PSYoungGen      total 6656K, used 628K [0x00000000d5580000, 0x00000000d6200000, 0x0000000100000000)
  eden space 5632K, 0% used [0x00000000d5580000,0x00000000d5580000,0x00000000d5b00000)
  from space 1024K, 61% used [0x00000000d6100000,0x00000000d619d200,0x00000000d6200000)
  to   space 2560K, 0% used [0x00000000d5d00000,0x00000000d5d00000,0x00000000d5f80000)
 ParOldGen       total 807936K, used 807795K [0x0000000080000000, 0x00000000b1500000, 0x00000000d5580000)
  object space 807936K, 99% used [0x0000000080000000,0x00000000b14dcdb0,0x00000000b1500000)
 Metaspace       used 88057K, committed 89792K, reserved 1179648K
  class space    used 9780K, committed 10560K, reserved 1048576K
}
Event: 672.395 GC heap before
{Heap before GC invocations=1568 (full 4):
 PSYoungGen      total 6656K, used 628K [0x00000000d5580000, 0x00000000d6200000, 0x0000000100000000)
  eden space 5632K, 0% used [0x00000000d5580000,0x00000000d5580000,0x00000000d5b00000)
  from space 1024K, 61% used [0x00000000d6100000,0x00000000d619d200,0x00000000d6200000)
  to   space 2560K, 0% used [0x00000000d5d00000,0x00000000d5d00000,0x00000000d5f80000)
 ParOldGen       total 807936K, used 807795K [0x0000000080000000, 0x00000000b1500000, 0x00000000d5580000)
  object space 807936K, 99% used [0x0000000080000000,0x00000000b14dcdb0,0x00000000b1500000)
 Metaspace       used 88057K, committed 89792K, reserved 1179648K
  class space    used 9780K, committed 10560K, reserved 1048576K
}
Event: 672.940 GC heap after
{Heap after GC invocations=1568 (full 4):
 PSYoungGen      total 6656K, used 0K [0x00000000d5580000, 0x00000000d6200000, 0x0000000100000000)
  eden space 5632K, 0% used [0x00000000d5580000,0x00000000d5580000,0x00000000d5b00000)
  from space 1024K, 0% used [0x00000000d6100000,0x00000000d6100000,0x00000000d6200000)
  to   space 2560K, 0% used [0x00000000d5d00000,0x00000000d5d00000,0x00000000d5f80000)
 ParOldGen       total 807936K, used 212629K [0x0000000080000000, 0x00000000b1500000, 0x00000000d5580000)
  object space 807936K, 26% used [0x0000000080000000,0x000000008cfa5638,0x00000000b1500000)
 Metaspace       used 88030K, committed 89792K, reserved 1179648K
  class space    used 9773K, committed 10560K, reserved 1048576K
}
Event: 672.953 GC heap before
{Heap before GC invocations=1569 (full 4):
 PSYoungGen      total 6656K, used 5632K [0x00000000d5580000, 0x00000000d6200000, 0x0000000100000000)
  eden space 5632K, 100% used [0x00000000d5580000,0x00000000d5b00000,0x00000000d5b00000)
  from space 1024K, 0% used [0x00000000d6100000,0x00000000d6100000,0x00000000d6200000)
  to   space 2560K, 0% used [0x00000000d5d00000,0x00000000d5d00000,0x00000000d5f80000)
 ParOldGen       total 807936K, used 212629K [0x0000000080000000, 0x00000000b1500000, 0x00000000d5580000)
  object space 807936K, 26% used [0x0000000080000000,0x000000008cfa5638,0x00000000b1500000)
 Metaspace       used 88063K, committed 89792K, reserved 1179648K
  class space    used 9786K, committed 10560K, reserved 1048576K
}
Event: 672.954 GC heap after
{Heap after GC invocations=1569 (full 4):
 PSYoungGen      total 8192K, used 1728K [0x00000000d5580000, 0x00000000d6180000, 0x0000000100000000)
  eden space 5632K, 0% used [0x00000000d5580000,0x00000000d5580000,0x00000000d5b00000)
  from space 2560K, 67% used [0x00000000d5d00000,0x00000000d5eb0000,0x00000000d5f80000)
  to   space 2048K, 0% used [0x00000000d5f80000,0x00000000d5f80000,0x00000000d6180000)
 ParOldGen       total 807936K, used 212629K [0x0000000080000000, 0x00000000b1500000, 0x00000000d5580000)
  object space 807936K, 26% used [0x0000000080000000,0x000000008cfa5638,0x00000000b1500000)
 Metaspace       used 88063K, committed 89792K, reserved 1179648K
  class space    used 9786K, committed 10560K, reserved 1048576K
}
Event: 1939.996 GC heap before
{Heap before GC invocations=1570 (full 4):
 PSYoungGen      total 8192K, used 7360K [0x00000000d5580000, 0x00000000d6180000, 0x0000000100000000)
  eden space 5632K, 100% used [0x00000000d5580000,0x00000000d5b00000,0x00000000d5b00000)
  from space 2560K, 67% used [0x00000000d5d00000,0x00000000d5eb0000,0x00000000d5f80000)
  to   space 2048K, 0% used [0x00000000d5f80000,0x00000000d5f80000,0x00000000d6180000)
 ParOldGen       total 807936K, used 212629K [0x0000000080000000, 0x00000000b1500000, 0x00000000d5580000)
  object space 807936K, 26% used [0x0000000080000000,0x000000008cfa5638,0x00000000b1500000)
 Metaspace       used 88131K, committed 89792K, reserved 1179648K
  class space    used 9787K, committed 10560K, reserved 1048576K
}
Event: 1940.020 GC heap after
{Heap after GC invocations=1570 (full 4):
 PSYoungGen      total 6656K, used 832K [0x00000000d5580000, 0x00000000d6080000, 0x0000000100000000)
  eden space 5632K, 0% used [0x00000000d5580000,0x00000000d5580000,0x00000000d5b00000)
  from space 1024K, 81% used [0x00000000d5f80000,0x00000000d6050000,0x00000000d6080000)
  to   space 1536K, 0% used [0x00000000d5d80000,0x00000000d5d80000,0x00000000d5f00000)
 ParOldGen       total 807936K, used 214161K [0x0000000080000000, 0x00000000b1500000, 0x00000000d5580000)
  object space 807936K, 26% used [0x0000000080000000,0x000000008d124678,0x00000000b1500000)
 Metaspace       used 88131K, committed 89792K, reserved 1179648K
  class space    used 9787K, committed 10560K, reserved 1048576K
}
Event: 1940.052 GC heap before
{Heap before GC invocations=1571 (full 4):
 PSYoungGen      total 6656K, used 6464K [0x00000000d5580000, 0x00000000d6080000, 0x0000000100000000)
  eden space 5632K, 100% used [0x00000000d5580000,0x00000000d5b00000,0x00000000d5b00000)
  from space 1024K, 81% used [0x00000000d5f80000,0x00000000d6050000,0x00000000d6080000)
  to   space 1536K, 0% used [0x00000000d5d80000,0x00000000d5d80000,0x00000000d5f00000)
 ParOldGen       total 807936K, used 214161K [0x0000000080000000, 0x00000000b1500000, 0x00000000d5580000)
  object space 807936K, 26% used [0x0000000080000000,0x000000008d124678,0x00000000b1500000)
 Metaspace       used 88180K, committed 89856K, reserved 1179648K
  class space    used 9795K, committed 10560K, reserved 1048576K
}
Event: 1940.055 GC heap after
{Heap after GC invocations=1571 (full 4):
 PSYoungGen      total 7168K, used 916K [0x00000000d5580000, 0x00000000d6000000, 0x0000000100000000)
  eden space 5632K, 0% used [0x00000000d5580000,0x00000000d5580000,0x00000000d5b00000)
  from space 1536K, 59% used [0x00000000d5d80000,0x00000000d5e651c8,0x00000000d5f00000)
  to   space 1024K, 0% used [0x00000000d5f00000,0x00000000d5f00000,0x00000000d6000000)
 ParOldGen       total 807936K, used 214791K [0x0000000080000000, 0x00000000b1500000, 0x00000000d5580000)
  object space 807936K, 26% used [0x0000000080000000,0x000000008d1c1f20,0x00000000b1500000)
 Metaspace       used 88180K, committed 89856K, reserved 1179648K
  class space    used 9795K, committed 10560K, reserved 1048576K
}
Event: 1940.174 GC heap before
{Heap before GC invocations=1572 (full 4):
 PSYoungGen      total 7168K, used 6533K [0x00000000d5580000, 0x00000000d6000000, 0x0000000100000000)
  eden space 5632K, 99% used [0x00000000d5580000,0x00000000d5afc388,0x00000000d5b00000)
  from space 1536K, 59% used [0x00000000d5d80000,0x00000000d5e651c8,0x00000000d5f00000)
  to   space 1024K, 0% used [0x00000000d5f00000,0x00000000d5f00000,0x00000000d6000000)
 ParOldGen       total 807936K, used 214791K [0x0000000080000000, 0x00000000b1500000, 0x00000000d5580000)
  object space 807936K, 26% used [0x0000000080000000,0x000000008d1c1f20,0x00000000b1500000)
 Metaspace       used 88282K, committed 89920K, reserved 1179648K
  class space    used 9809K, committed 10560K, reserved 1048576K
}
Event: 1940.176 GC heap after
{Heap after GC invocations=1572 (full 4):
 PSYoungGen      total 6656K, used 833K [0x00000000d5580000, 0x00000000d6000000, 0x0000000100000000)
  eden space 5632K, 0% used [0x00000000d5580000,0x00000000d5580000,0x00000000d5b00000)
  from space 1024K, 81% used [0x00000000d5f00000,0x00000000d5fd0660,0x00000000d6000000)
  to   space 1024K, 0% used [0x00000000d5e00000,0x00000000d5e00000,0x00000000d5f00000)
 ParOldGen       total 807936K, used 215475K [0x0000000080000000, 0x00000000b1500000, 0x00000000d5580000)
  object space 807936K, 26% used [0x0000000080000000,0x000000008d26cd70,0x00000000b1500000)
 Metaspace       used 88282K, committed 89920K, reserved 1179648K
  class space    used 9809K, committed 10560K, reserved 1048576K
}
Event: 1940.414 GC heap before
{Heap before GC invocations=1573 (full 4):
 PSYoungGen      total 6656K, used 6465K [0x00000000d5580000, 0x00000000d6000000, 0x0000000100000000)
  eden space 5632K, 99% used [0x00000000d5580000,0x00000000d5afffe8,0x00000000d5b00000)
  from space 1024K, 81% used [0x00000000d5f00000,0x00000000d5fd0660,0x00000000d6000000)
  to   space 1024K, 0% used [0x00000000d5e00000,0x00000000d5e00000,0x00000000d5f00000)
 ParOldGen       total 807936K, used 215475K [0x0000000080000000, 0x00000000b1500000, 0x00000000d5580000)
  object space 807936K, 26% used [0x0000000080000000,0x000000008d26cd70,0x00000000b1500000)
 Metaspace       used 88286K, committed 89920K, reserved 1179648K
  class space    used 9809K, committed 10560K, reserved 1048576K
}
Event: 1940.416 GC heap after
{Heap after GC invocations=1573 (full 4):
 PSYoungGen      total 6656K, used 904K [0x00000000d5580000, 0x00000000d5f80000, 0x0000000100000000)
  eden space 5632K, 0% used [0x00000000d5580000,0x00000000d5580000,0x00000000d5b00000)
  from space 1024K, 88% used [0x00000000d5e00000,0x00000000d5ee2090,0x00000000d5f00000)
  to   space 512K, 0% used [0x00000000d5f00000,0x00000000d5f00000,0x00000000d5f80000)
 ParOldGen       total 807936K, used 215967K [0x0000000080000000, 0x00000000b1500000, 0x00000000d5580000)
  object space 807936K, 26% used [0x0000000080000000,0x000000008d2e7f40,0x00000000b1500000)
 Metaspace       used 88286K, committed 89920K, reserved 1179648K
  class space    used 9809K, committed 10560K, reserved 1048576K
}
Event: 1940.425 GC heap before
{Heap before GC invocations=1574 (full 4):
 PSYoungGen      total 6656K, used 6536K [0x00000000d5580000, 0x00000000d5f80000, 0x0000000100000000)
  eden space 5632K, 99% used [0x00000000d5580000,0x00000000d5afffd8,0x00000000d5b00000)
  from space 1024K, 88% used [0x00000000d5e00000,0x00000000d5ee2090,0x00000000d5f00000)
  to   space 512K, 0% used [0x00000000d5f00000,0x00000000d5f00000,0x00000000d5f80000)
 ParOldGen       total 807936K, used 215967K [0x0000000080000000, 0x00000000b1500000, 0x00000000d5580000)
  object space 807936K, 26% used [0x0000000080000000,0x000000008d2e7f40,0x00000000b1500000)
 Metaspace       used 88290K, committed 89920K, reserved 1179648K
  class space    used 9809K, committed 10560K, reserved 1048576K
}
Event: 1940.426 GC heap after
{Heap after GC invocations=1574 (full 4):
 PSYoungGen      total 6144K, used 506K [0x00000000d5580000, 0x00000000d5f80000, 0x0000000100000000)
  eden space 5632K, 0% used [0x00000000d5580000,0x00000000d5580000,0x00000000d5b00000)
  from space 512K, 98% used [0x00000000d5f00000,0x00000000d5f7e900,0x00000000d5f80000)
  to   space 1024K, 0% used [0x00000000d5d80000,0x00000000d5d80000,0x00000000d5e80000)
 ParOldGen       total 807936K, used 216316K [0x0000000080000000, 0x00000000b1500000, 0x00000000d5580000)
  object space 807936K, 26% used [0x0000000080000000,0x000000008d33f070,0x00000000b1500000)
 Metaspace       used 88290K, committed 89920K, reserved 1179648K
  class space    used 9809K, committed 10560K, reserved 1048576K
}

