# JRE version: Java(TM) SE Runtime Environment (17.0.12+8) (build 17.0.12+8-LTS-286)
# Java VM: Java HotSpot(TM) 64-Bit Server VM (17.0.12+8-LTS-286, mixed mode, emulated-client, sharing, tiered, compressed oops, compressed class ptrs, g1 gc, windows-amd64)
GC Precious Log:
 CPUs: 16 total, 16 available
 Memory: 7893M
 Large Page Support: Disabled
 NUMA Support: Disabled
 Compressed Oops: Enabled (32-bit)
 Heap Region Size: 1M
 Heap Min Capacity: 8M
 Heap Initial Capacity: 124M
 Heap Max Capacity: 1974M
 Pre-touch: Disabled
 Parallel Workers: 13
 Concurrent Workers: 3
 Concurrent Refinement Workers: 13
 Periodic GC: Disabled
Heap:
 garbage-first heap   total 70656K, used 32318K [0x0000000084a00000, 0x0000000100000000)
  region size 1024K, 2 young (2048K), 2 survivors (2048K)
 Metaspace       used 72598K, committed 73152K, reserved 1114112K
  class space    used 10415K, committed 10688K, reserved 1048576K
GC Heap History (20 events):
Event: 1.643 GC heap after
{Heap after GC invocations=7 (full 0):
 garbage-first heap   total 70656K, used 18952K [0x0000000084a00000, 0x0000000100000000)
  region size 1024K, 1 young (1024K), 1 survivors (1024K)
 Metaspace       used 26616K, committed 27008K, reserved 1114112K
  class space    used 3734K, committed 3904K, reserved 1048576K
}
Event: 1.984 GC heap before
{Heap before GC invocations=7 (full 0):
 garbage-first heap   total 70656K, used 51720K [0x0000000084a00000, 0x0000000100000000)
  region size 1024K, 33 young (33792K), 1 survivors (1024K)
 Metaspace       used 32799K, committed 33280K, reserved 1114112K
  class space    used 4678K, committed 4864K, reserved 1048576K
}
Event: 1.986 GC heap after
{Heap after GC invocations=8 (full 0):
 garbage-first heap   total 70656K, used 20132K [0x0000000084a00000, 0x0000000100000000)
  region size 1024K, 2 young (2048K), 2 survivors (2048K)
 Metaspace       used 32799K, committed 33280K, reserved 1114112K
  class space    used 4678K, committed 4864K, reserved 1048576K
}
Event: 2.159 GC heap before
{Heap before GC invocations=8 (full 0):
 garbage-first heap   total 70656K, used 38564K [0x0000000084a00000, 0x0000000100000000)
  region size 1024K, 21 young (21504K), 2 survivors (2048K)
 Metaspace       used 35643K, committed 36096K, reserved 1114112K
  class space    used 5245K, committed 5504K, reserved 1048576K
}
Event: 2.161 GC heap after
{Heap after GC invocations=9 (full 0):
 garbage-first heap   total 70656K, used 21171K [0x0000000084a00000, 0x0000000100000000)
  region size 1024K, 3 young (3072K), 3 survivors (3072K)
 Metaspace       used 35643K, committed 36096K, reserved 1114112K
  class space    used 5245K, committed 5504K, reserved 1048576K
}
Event: 2.667 GC heap before
{Heap before GC invocations=10 (full 0):
 garbage-first heap   total 70656K, used 53939K [0x0000000084a00000, 0x0000000100000000)
  region size 1024K, 35 young (35840K), 3 survivors (3072K)
 Metaspace       used 46433K, committed 46912K, reserved 1114112K
  class space    used 6665K, committed 6912K, reserved 1048576K
}
Event: 2.670 GC heap after
{Heap after GC invocations=11 (full 0):
 garbage-first heap   total 70656K, used 24062K [0x0000000084a00000, 0x0000000100000000)
  region size 1024K, 4 young (4096K), 4 survivors (4096K)
 Metaspace       used 46433K, committed 46912K, reserved 1114112K
  class space    used 6665K, committed 6912K, reserved 1048576K
}
Event: 2.681 GC heap before
{Heap before GC invocations=11 (full 0):
 garbage-first heap   total 70656K, used 24062K [0x0000000084a00000, 0x0000000100000000)
  region size 1024K, 5 young (5120K), 4 survivors (4096K)
 Metaspace       used 46700K, committed 47232K, reserved 1114112K
  class space    used 6712K, committed 6976K, reserved 1048576K
}
Event: 2.683 GC heap after
{Heap after GC invocations=12 (full 0):
 garbage-first heap   total 70656K, used 24256K [0x0000000084a00000, 0x0000000100000000)
  region size 1024K, 1 young (1024K), 1 survivors (1024K)
 Metaspace       used 46700K, committed 47232K, reserved 1114112K
  class space    used 6712K, committed 6976K, reserved 1048576K
}
Event: 2.940 GC heap before
{Heap before GC invocations=12 (full 0):
 garbage-first heap   total 70656K, used 53952K [0x0000000084a00000, 0x0000000100000000)
  region size 1024K, 30 young (30720K), 1 survivors (1024K)
 Metaspace       used 52578K, committed 53056K, reserved 1114112K
  class space    used 7396K, committed 7616K, reserved 1048576K
}
Event: 2.941 GC heap after
{Heap after GC invocations=13 (full 0):
 garbage-first heap   total 70656K, used 24913K [0x0000000084a00000, 0x0000000100000000)
  region size 1024K, 2 young (2048K), 2 survivors (2048K)
 Metaspace       used 52578K, committed 53056K, reserved 1114112K
  class space    used 7396K, committed 7616K, reserved 1048576K
}
Event: 3.367 GC heap before
{Heap before GC invocations=13 (full 0):
 garbage-first heap   total 70656K, used 53585K [0x0000000084a00000, 0x0000000100000000)
  region size 1024K, 31 young (31744K), 2 survivors (2048K)
 Metaspace       used 59312K, committed 59840K, reserved 1114112K
  class space    used 8473K, committed 8704K, reserved 1048576K
}
Event: 3.369 GC heap after
{Heap after GC invocations=14 (full 0):
 garbage-first heap   total 70656K, used 25823K [0x0000000084a00000, 0x0000000100000000)
  region size 1024K, 3 young (3072K), 3 survivors (3072K)
 Metaspace       used 59312K, committed 59840K, reserved 1114112K
  class space    used 8473K, committed 8704K, reserved 1048576K
}
Event: 3.410 GC heap before
{Heap before GC invocations=14 (full 0):
 garbage-first heap   total 70656K, used 27871K [0x0000000084a00000, 0x0000000100000000)
  region size 1024K, 6 young (6144K), 3 survivors (3072K)
 Metaspace       used 59902K, committed 60416K, reserved 1114112K
  class space    used 8562K, committed 8832K, reserved 1048576K
}
Event: 3.412 GC heap after
{Heap after GC invocations=15 (full 0):
 garbage-first heap   total 70656K, used 25874K [0x0000000084a00000, 0x0000000100000000)
  region size 1024K, 3 young (3072K), 3 survivors (3072K)
 Metaspace       used 59902K, committed 60416K, reserved 1114112K
  class space    used 8562K, committed 8832K, reserved 1048576K
}
Event: 3.771 GC heap before
{Heap before GC invocations=16 (full 0):
 garbage-first heap   total 70656K, used 56594K [0x0000000084a00000, 0x0000000100000000)
  region size 1024K, 33 young (33792K), 3 survivors (3072K)
 Metaspace       used 65359K, committed 65856K, reserved 1114112K
  class space    used 9384K, committed 9600K, reserved 1048576K
}
Event: 3.774 GC heap after
{Heap after GC invocations=17 (full 0):
 garbage-first heap   total 70656K, used 27943K [0x0000000084a00000, 0x0000000100000000)
  region size 1024K, 5 young (5120K), 5 survivors (5120K)
 Metaspace       used 65359K, committed 65856K, reserved 1114112K
  class space    used 9384K, committed 9600K, reserved 1048576K
}
Event: 4.085 GC heap before
{Heap before GC invocations=17 (full 0):
 garbage-first heap   total 70656K, used 56615K [0x0000000084a00000, 0x0000000100000000)
  region size 1024K, 33 young (33792K), 5 survivors (5120K)
 Metaspace       used 68520K, committed 69056K, reserved 1114112K
  class space    used 9834K, committed 10112K, reserved 1048576K
}
Event: 4.088 GC heap after
{Heap after GC invocations=18 (full 0):
 garbage-first heap   total 70656K, used 30834K [0x0000000084a00000, 0x0000000100000000)
  region size 1024K, 5 young (5120K), 5 survivors (5120K)
 Metaspace       used 68520K, committed 69056K, reserved 1114112K
  class space    used 9834K, committed 10112K, reserved 1048576K
}
Event: 52.736 GC heap before
{Heap before GC invocations=18 (full 0):
 garbage-first heap   total 70656K, used 56434K [0x0000000084a00000, 0x0000000100000000)
  region size 1024K, 30 young (30720K), 5 survivors (5120K)
 Metaspace       used 72598K, committed 73152K, reserved 1114112K
  class space    used 10415K, committed 10688K, reserved 1048576K
}

